<?xml version="1.0" encoding="UTF-8"?>
<!-- Generated by org.testng.reporters.JUnitXMLReporter -->
<testsuite ignored="0" hostname="Kallingal" failures="0" tests="4" name="Default test" time="47.717" errors="0" timestamp="2023-04-19T17:34:13 IST">
  <testcase classname="org.ark.TestngCalcReport" name="tst1" time="11.779"/>
  <testcase classname="org.ark.TestngCalcReport" name="tst2" time="1.141"/>
  <testcase classname="org.ark.TestngCalcReport" name="tst3" time="0.975"/>
  <testcase classname="org.ark.TestngCalcReport" name="tst4" time="1.293"/>
</testsuite> <!-- Default test -->
